2022-08-10 17:08:75 INFO  HomePage :32 - Mouse Hover to Buy+Sell Tab [[ChromeDriver: chrome on WINDOWS (02c9a7a667e663c2ac999a1c348fc5b1)] -> xpath: //div[@class='css-view-175oi2r r-alignItems-1awozwy r-flexDirection-18u37iz r-justifyContent-1777fci r-marginBottom-1y1xsc3']/div[2]]
2022-08-10 17:08:457 INFO  HomePage :32 - Mouse Hover to Buy+Sell Tab [[ChromeDriver: chrome on WINDOWS (48f9d4061241bdd6e125e9e7416fd208)] -> xpath: //div[@class='css-view-175oi2r r-alignItems-1awozwy r-flexDirection-18u37iz r-justifyContent-1777fci r-marginBottom-1y1xsc3']/div[2]]
2022-08-10 17:08:471 INFO  HomePage :32 - Click on Next Radio Button [[ChromeDriver: chrome on WINDOWS (ac10188ab2f2d506bd758f53deed0166)] -> xpath: //div[@class='css-view-175oi2r r-alignItems-1awozwy r-flexDirection-18u37iz r-justifyContent-1777fci r-marginBottom-1y1xsc3']/div[2]]
2022-08-10 17:08:25 INFO  HomePage :36 - Click on Lets Go Button [[ChromeDriver: chrome on WINDOWS (ac10188ab2f2d506bd758f53deed0166)] -> xpath: //div[@data-testid='Lets go']]
2022-08-10 17:08:892 INFO  HomePage :32 - Click on Next Radio Button [[ChromeDriver: chrome on WINDOWS (696e2f45f4f59c94c3f9a44945233917)] -> xpath: //div[@class='css-view-175oi2r r-alignItems-1awozwy r-flexDirection-18u37iz r-justifyContent-1777fci r-marginBottom-1y1xsc3']/div[2]]
2022-08-10 17:08:486 INFO  HomePage :36 - Click on Lets Go Button [[ChromeDriver: chrome on WINDOWS (696e2f45f4f59c94c3f9a44945233917)] -> xpath: //div[@data-testid='Lets go']]
2022-08-10 17:08:502 INFO  HomePage :39 - Getting text from Login Page Header [[ChromeDriver: chrome on WINDOWS (696e2f45f4f59c94c3f9a44945233917)] -> xpath: //div[@dir='auto' and contains(text(),'Hi!')]]
2022-08-10 17:08:709 INFO  HomePage :44 - Click on Next Radio Button [[ChromeDriver: chrome on WINDOWS (242cc76142d4265671b4fedf2c22fd74)] -> xpath: //div[@class='css-view-175oi2r r-alignItems-1awozwy r-flexDirection-18u37iz r-justifyContent-1777fci r-marginBottom-1y1xsc3']/div[2]]
2022-08-10 17:08:304 INFO  HomePage :48 - Click on Lets Go Button [[ChromeDriver: chrome on WINDOWS (242cc76142d4265671b4fedf2c22fd74)] -> xpath: //div[@data-testid='Lets go']]
2022-08-10 17:08:322 INFO  HomePage :51 - Getting text from Login Page Header [[ChromeDriver: chrome on WINDOWS (242cc76142d4265671b4fedf2c22fd74)] -> xpath: //div[@dir='auto' and contains(text(),'Hi!')]]
2022-08-10 17:08:429 INFO  HomePage :56 - Click on I already have an account [[ChromeDriver: chrome on WINDOWS (242cc76142d4265671b4fedf2c22fd74)] -> xpath: //div[@dir='auto' and contains(text(),'I already have an account')]]
2022-08-10 18:08:886 INFO  HomePage :44 - Click on Next Radio Button [[ChromeDriver: chrome on WINDOWS (93d7edc21194bb3c8b9cb3187a28a458)] -> xpath: //div[@class='css-view-175oi2r r-alignItems-1awozwy r-flexDirection-18u37iz r-justifyContent-1777fci r-marginBottom-1y1xsc3']/div[2]]
2022-08-10 18:08:476 INFO  HomePage :48 - Click on Lets Go Button [[ChromeDriver: chrome on WINDOWS (93d7edc21194bb3c8b9cb3187a28a458)] -> xpath: //div[@data-testid='Lets go']]
2022-08-10 18:08:494 INFO  HomePage :51 - Getting text from Login Page Header [[ChromeDriver: chrome on WINDOWS (93d7edc21194bb3c8b9cb3187a28a458)] -> xpath: //div[@dir='auto' and contains(text(),'Hi!')]]
2022-08-10 18:08:599 INFO  HomePage :56 - Click on I already have an account [[ChromeDriver: chrome on WINDOWS (93d7edc21194bb3c8b9cb3187a28a458)] -> xpath: //div[@dir='auto' and contains(text(),'I already have an account')]]
2022-08-10 23:08:518 INFO  HomePage :44 - Click on Next Radio Button [[ChromeDriver: chrome on WINDOWS (d02a5f354cef2471b6ffa59bd5efe661)] -> xpath: //div[@class='css-view-175oi2r r-alignItems-1awozwy r-flexDirection-18u37iz r-justifyContent-1777fci r-marginBottom-1y1xsc3']/div[2]]
2022-08-10 23:08:144 INFO  HomePage :48 - Click on Lets Go Button [[ChromeDriver: chrome on WINDOWS (d02a5f354cef2471b6ffa59bd5efe661)] -> xpath: //div[@data-testid='Lets go']]
2022-08-10 23:08:160 INFO  HomePage :51 - Getting text from Login Page Header [[ChromeDriver: chrome on WINDOWS (d02a5f354cef2471b6ffa59bd5efe661)] -> xpath: //div[@dir='auto' and contains(text(),'Hi!')]]
2022-08-10 23:08:279 INFO  HomePage :56 - Click on I already have an account [[ChromeDriver: chrome on WINDOWS (d02a5f354cef2471b6ffa59bd5efe661)] -> xpath: //div[@dir='auto' and contains(text(),'I already have an account')]]
2022-08-11 00:08:521 INFO  HomePage :44 - Click on Next Radio Button [[ChromeDriver: chrome on WINDOWS (fb06d7903173e42b16baab365bdbee47)] -> xpath: //div[@class='css-view-175oi2r r-alignItems-1awozwy r-flexDirection-18u37iz r-justifyContent-1777fci r-marginBottom-1y1xsc3']/div[2]]
2022-08-11 00:08:116 INFO  HomePage :48 - Click on Lets Go Button [[ChromeDriver: chrome on WINDOWS (fb06d7903173e42b16baab365bdbee47)] -> xpath: //div[@data-testid='Lets go']]
2022-08-11 00:08:143 INFO  HomePage :51 - Getting text from Login Page Header [[ChromeDriver: chrome on WINDOWS (fb06d7903173e42b16baab365bdbee47)] -> xpath: //div[@dir='auto' and contains(text(),'Hi!')]]
2022-08-11 00:08:251 INFO  HomePage :56 - Click on I already have an account [[ChromeDriver: chrome on WINDOWS (fb06d7903173e42b16baab365bdbee47)] -> xpath: //div[@dir='auto' and contains(text(),'I already have an account')]]
2022-08-11 00:08:544 INFO  HomePage :44 - Click on Next Radio Button [[ChromeDriver: chrome on WINDOWS (1d7031fd3ebe6c7d0fd5188438bc3895)] -> xpath: //div[@class='css-view-175oi2r r-alignItems-1awozwy r-flexDirection-18u37iz r-justifyContent-1777fci r-marginBottom-1y1xsc3']/div[2]]
2022-08-11 00:08:139 INFO  HomePage :48 - Click on Lets Go Button [[ChromeDriver: chrome on WINDOWS (1d7031fd3ebe6c7d0fd5188438bc3895)] -> xpath: //div[@data-testid='Lets go']]
2022-08-11 00:08:162 INFO  HomePage :51 - Getting text from Login Page Header [[ChromeDriver: chrome on WINDOWS (1d7031fd3ebe6c7d0fd5188438bc3895)] -> xpath: //div[@dir='auto' and contains(text(),'Hi!')]]
2022-08-11 00:08:269 INFO  HomePage :56 - Click on I already have an account [[ChromeDriver: chrome on WINDOWS (1d7031fd3ebe6c7d0fd5188438bc3895)] -> xpath: //div[@dir='auto' and contains(text(),'I already have an account')]]
2022-08-11 00:08:839 INFO  HomePage :44 - Click on Next Radio Button [[ChromeDriver: chrome on WINDOWS (68ecd44d2e4039a199ee0db858148afb)] -> xpath: //div[@class='css-view-175oi2r r-alignItems-1awozwy r-flexDirection-18u37iz r-justifyContent-1777fci r-marginBottom-1y1xsc3']/div[2]]
2022-08-11 00:08:436 INFO  HomePage :48 - Click on Lets Go Button [[ChromeDriver: chrome on WINDOWS (68ecd44d2e4039a199ee0db858148afb)] -> xpath: //div[@data-testid='Lets go']]
2022-08-11 00:08:453 INFO  HomePage :51 - Getting text from Login Page Header [[ChromeDriver: chrome on WINDOWS (68ecd44d2e4039a199ee0db858148afb)] -> xpath: //div[@dir='auto' and contains(text(),'Hi!')]]
2022-08-11 00:08:602 INFO  HomePage :56 - Click on I already have an account [[ChromeDriver: chrome on WINDOWS (68ecd44d2e4039a199ee0db858148afb)] -> xpath: //div[@dir='auto' and contains(text(),'I already have an account')]]
2022-08-11 00:08:430 INFO  HomePage :44 - Click on Next Radio Button [[ChromeDriver: chrome on WINDOWS (df368d47cdd53b02d55d81308348a581)] -> xpath: //div[@class='css-view-175oi2r r-alignItems-1awozwy r-flexDirection-18u37iz r-justifyContent-1777fci r-marginBottom-1y1xsc3']/div[2]]
2022-08-11 00:08:29 INFO  HomePage :48 - Click on Lets Go Button [[ChromeDriver: chrome on WINDOWS (df368d47cdd53b02d55d81308348a581)] -> xpath: //div[@data-testid='Lets go']]
2022-08-11 00:08:45 INFO  HomePage :51 - Getting text from Login Page Header [[ChromeDriver: chrome on WINDOWS (df368d47cdd53b02d55d81308348a581)] -> xpath: //div[@dir='auto' and contains(text(),'Hi!')]]
2022-08-11 00:08:151 INFO  HomePage :56 - Click on I already have an account [[ChromeDriver: chrome on WINDOWS (df368d47cdd53b02d55d81308348a581)] -> xpath: //div[@dir='auto' and contains(text(),'I already have an account')]]
2022-08-11 00:08:543 INFO  HomePage :44 - Click on Next Radio Button [[ChromeDriver: chrome on WINDOWS (3ce86843a71de71e4609b5bd328ea551)] -> xpath: //div[@class='css-view-175oi2r r-alignItems-1awozwy r-flexDirection-18u37iz r-justifyContent-1777fci r-marginBottom-1y1xsc3']/div[2]]
2022-08-11 00:08:128 INFO  HomePage :48 - Click on Lets Go Button [[ChromeDriver: chrome on WINDOWS (3ce86843a71de71e4609b5bd328ea551)] -> xpath: //div[@data-testid='Lets go']]
2022-08-11 00:08:148 INFO  HomePage :51 - Getting text from Login Page Header [[ChromeDriver: chrome on WINDOWS (3ce86843a71de71e4609b5bd328ea551)] -> xpath: //div[@dir='auto' and contains(text(),'Hi!')]]
2022-08-11 00:08:300 INFO  HomePage :56 - Click on I already have an account [[ChromeDriver: chrome on WINDOWS (3ce86843a71de71e4609b5bd328ea551)] -> xpath: //div[@dir='auto' and contains(text(),'I already have an account')]]
2022-08-11 00:08:565 INFO  HomePage :44 - Click on Next Radio Button [[ChromeDriver: chrome on WINDOWS (ca80c7226c116414f667520623511ce8)] -> xpath: //div[@class='css-view-175oi2r r-alignItems-1awozwy r-flexDirection-18u37iz r-justifyContent-1777fci r-marginBottom-1y1xsc3']/div[2]]
2022-08-11 00:08:275 INFO  HomePage :48 - Click on Lets Go Button [[ChromeDriver: chrome on WINDOWS (ca80c7226c116414f667520623511ce8)] -> xpath: //div[@data-testid='Lets go']]
2022-08-11 00:08:293 INFO  HomePage :51 - Getting text from Login Page Header [[ChromeDriver: chrome on WINDOWS (ca80c7226c116414f667520623511ce8)] -> xpath: //div[@dir='auto' and contains(text(),'Hi!')]]
2022-08-11 00:08:411 INFO  HomePage :56 - Click on I already have an account [[ChromeDriver: chrome on WINDOWS (ca80c7226c116414f667520623511ce8)] -> xpath: //div[@dir='auto' and contains(text(),'I already have an account')]]
2022-08-11 00:08:210 INFO  HomePage :44 - Click on Next Radio Button [[ChromeDriver: chrome on WINDOWS (0ab1ae44a635d1940740e3ae3f407d9c)] -> xpath: //div[@class='css-view-175oi2r r-alignItems-1awozwy r-flexDirection-18u37iz r-justifyContent-1777fci r-marginBottom-1y1xsc3']/div[2]]
2022-08-11 00:08:800 INFO  HomePage :48 - Click on Lets Go Button [[ChromeDriver: chrome on WINDOWS (0ab1ae44a635d1940740e3ae3f407d9c)] -> xpath: //div[@data-testid='Lets go']]
2022-08-11 00:08:818 INFO  HomePage :51 - Getting text from Login Page Header [[ChromeDriver: chrome on WINDOWS (0ab1ae44a635d1940740e3ae3f407d9c)] -> xpath: //div[@dir='auto' and contains(text(),'Hi!')]]
2022-08-11 00:08:937 INFO  HomePage :56 - Click on I already have an account [[ChromeDriver: chrome on WINDOWS (0ab1ae44a635d1940740e3ae3f407d9c)] -> xpath: //div[@dir='auto' and contains(text(),'I already have an account')]]
2022-08-11 00:08:882 INFO  HomePage :44 - Click on Next Radio Button [[ChromeDriver: chrome on WINDOWS (f4475e840ed7989084a1a0996fc33701)] -> xpath: //div[@class='css-view-175oi2r r-alignItems-1awozwy r-flexDirection-18u37iz r-justifyContent-1777fci r-marginBottom-1y1xsc3']/div[2]]
2022-08-11 00:08:514 INFO  HomePage :48 - Click on Lets Go Button [[ChromeDriver: chrome on WINDOWS (f4475e840ed7989084a1a0996fc33701)] -> xpath: //div[@data-testid='Lets go']]
2022-08-11 00:08:532 INFO  HomePage :51 - Getting text from Login Page Header [[ChromeDriver: chrome on WINDOWS (f4475e840ed7989084a1a0996fc33701)] -> xpath: //div[@dir='auto' and contains(text(),'Hi!')]]
2022-08-11 00:08:641 INFO  HomePage :56 - Click on I already have an account [[ChromeDriver: chrome on WINDOWS (f4475e840ed7989084a1a0996fc33701)] -> xpath: //div[@dir='auto' and contains(text(),'I already have an account')]]
2022-08-11 00:08:957 INFO  HomePage :60 - Send Text to Email Field[[ChromeDriver: chrome on WINDOWS (f4475e840ed7989084a1a0996fc33701)] -> xpath: //div/input[@data-testid='Email']]
2022-08-11 00:08:86 INFO  HomePage :65 - Send Text to Email Field[[ChromeDriver: chrome on WINDOWS (f4475e840ed7989084a1a0996fc33701)] -> xpath: //div/input[@data-testid='Password']]
2022-08-11 00:08:182 INFO  HomePage :69 - Click on Login Button[[ChromeDriver: chrome on WINDOWS (f4475e840ed7989084a1a0996fc33701)] -> xpath: //div[@data-testid='Log In']]
2022-08-11 00:08:507 INFO  HomePage :44 - Click on Next Radio Button [[ChromeDriver: chrome on WINDOWS (0dfa7f3e1a901757acba35e8dc3b9c1b)] -> xpath: //div[@class='css-view-175oi2r r-alignItems-1awozwy r-flexDirection-18u37iz r-justifyContent-1777fci r-marginBottom-1y1xsc3']/div[2]]
2022-08-11 00:08:210 INFO  HomePage :48 - Click on Lets Go Button [[ChromeDriver: chrome on WINDOWS (0dfa7f3e1a901757acba35e8dc3b9c1b)] -> xpath: //div[@data-testid='Lets go']]
2022-08-11 00:08:226 INFO  HomePage :51 - Getting text from Login Page Header [[ChromeDriver: chrome on WINDOWS (0dfa7f3e1a901757acba35e8dc3b9c1b)] -> xpath: //div[@dir='auto' and contains(text(),'Hi!')]]
2022-08-11 00:08:335 INFO  HomePage :56 - Click on I already have an account [[ChromeDriver: chrome on WINDOWS (0dfa7f3e1a901757acba35e8dc3b9c1b)] -> xpath: //div[@dir='auto' and contains(text(),'I already have an account')]]
2022-08-11 00:08:651 INFO  HomePage :60 - Send Text to Email Field[[ChromeDriver: chrome on WINDOWS (0dfa7f3e1a901757acba35e8dc3b9c1b)] -> xpath: //div/input[@data-testid='Email']]
2022-08-11 00:08:800 INFO  HomePage :65 - Send Text to Email Field[[ChromeDriver: chrome on WINDOWS (0dfa7f3e1a901757acba35e8dc3b9c1b)] -> xpath: //div/input[@data-testid='Password']]
2022-08-11 00:08:901 INFO  HomePage :69 - Click on Login Button[[ChromeDriver: chrome on WINDOWS (0dfa7f3e1a901757acba35e8dc3b9c1b)] -> xpath: //div[@data-testid='Log In']]
2022-08-11 00:08:454 INFO  AccountPage :29 - Getting text from Account Page Header [[ChromeDriver: chrome on WINDOWS (0dfa7f3e1a901757acba35e8dc3b9c1b)] -> xpath: //div[@data-testid='Home']]
2022-08-11 00:08:149 INFO  HomePage :44 - Click on Next Radio Button [[ChromeDriver: chrome on WINDOWS (1be753f4430ddf05559da26e2c897c4e)] -> xpath: //div[@class='css-view-175oi2r r-alignItems-1awozwy r-flexDirection-18u37iz r-justifyContent-1777fci r-marginBottom-1y1xsc3']/div[2]]
2022-08-11 00:08:732 INFO  HomePage :48 - Click on Lets Go Button [[ChromeDriver: chrome on WINDOWS (1be753f4430ddf05559da26e2c897c4e)] -> xpath: //div[@data-testid='Lets go']]
2022-08-11 00:08:749 INFO  HomePage :51 - Getting text from Login Page Header [[ChromeDriver: chrome on WINDOWS (1be753f4430ddf05559da26e2c897c4e)] -> xpath: //div[@dir='auto' and contains(text(),'Hi!')]]
2022-08-11 00:08:865 INFO  HomePage :56 - Click on I already have an account [[ChromeDriver: chrome on WINDOWS (1be753f4430ddf05559da26e2c897c4e)] -> xpath: //div[@dir='auto' and contains(text(),'I already have an account')]]
2022-08-11 00:08:165 INFO  HomePage :60 - Send Text to Email Field[[ChromeDriver: chrome on WINDOWS (1be753f4430ddf05559da26e2c897c4e)] -> xpath: //div/input[@data-testid='Email']]
2022-08-11 00:08:315 INFO  HomePage :65 - Send Text to Email Field[[ChromeDriver: chrome on WINDOWS (1be753f4430ddf05559da26e2c897c4e)] -> xpath: //div/input[@data-testid='Password']]
2022-08-11 00:08:419 INFO  HomePage :69 - Click on Login Button[[ChromeDriver: chrome on WINDOWS (1be753f4430ddf05559da26e2c897c4e)] -> xpath: //div[@data-testid='Log In']]
2022-08-11 00:08:287 INFO  AccountPage :29 - Getting text from Account Page Header [[ChromeDriver: chrome on WINDOWS (1be753f4430ddf05559da26e2c897c4e)] -> xpath: //div[@data-testid='Home']]
2022-08-11 00:08:712 INFO  AccountPage :35 - Click on Add Seizure [[ChromeDriver: chrome on WINDOWS (1be753f4430ddf05559da26e2c897c4e)] -> xpath: //div[@dir='auto' and contains(text(),'Add Seizure')]]
2022-08-11 00:08:13 INFO  HomePage :44 - Click on Next Radio Button [[ChromeDriver: chrome on WINDOWS (b32ac942145ea127f9feb87b73153d9a)] -> xpath: //div[@class='css-view-175oi2r r-alignItems-1awozwy r-flexDirection-18u37iz r-justifyContent-1777fci r-marginBottom-1y1xsc3']/div[2]]
2022-08-11 00:08:597 INFO  HomePage :48 - Click on Lets Go Button [[ChromeDriver: chrome on WINDOWS (b32ac942145ea127f9feb87b73153d9a)] -> xpath: //div[@data-testid='Lets go']]
2022-08-11 00:08:625 INFO  HomePage :51 - Getting text from Login Page Header [[ChromeDriver: chrome on WINDOWS (b32ac942145ea127f9feb87b73153d9a)] -> xpath: //div[@dir='auto' and contains(text(),'Hi!')]]
2022-08-11 00:08:777 INFO  HomePage :56 - Click on I already have an account [[ChromeDriver: chrome on WINDOWS (b32ac942145ea127f9feb87b73153d9a)] -> xpath: //div[@dir='auto' and contains(text(),'I already have an account')]]
2022-08-11 00:08:66 INFO  HomePage :60 - Send Text to Email Field[[ChromeDriver: chrome on WINDOWS (b32ac942145ea127f9feb87b73153d9a)] -> xpath: //div/input[@data-testid='Email']]
2022-08-11 00:08:218 INFO  HomePage :65 - Send Text to Email Field[[ChromeDriver: chrome on WINDOWS (b32ac942145ea127f9feb87b73153d9a)] -> xpath: //div/input[@data-testid='Password']]
2022-08-11 00:08:315 INFO  HomePage :69 - Click on Login Button[[ChromeDriver: chrome on WINDOWS (b32ac942145ea127f9feb87b73153d9a)] -> xpath: //div[@data-testid='Log In']]
2022-08-11 00:08:938 INFO  AccountPage :51 - Getting text from Account Page Header [[ChromeDriver: chrome on WINDOWS (b32ac942145ea127f9feb87b73153d9a)] -> xpath: //div[@data-testid='Home']]
2022-08-11 00:08:136 INFO  AccountPage :57 - Click on Add Seizure [[ChromeDriver: chrome on WINDOWS (b32ac942145ea127f9feb87b73153d9a)] -> xpath: //div[@dir='auto' and contains(text(),'Add Seizure')]]
2022-08-11 00:08:268 INFO  AccountPage :62 - Click on Seizure Type [[ChromeDriver: chrome on WINDOWS (b32ac942145ea127f9feb87b73153d9a)] -> xpath: //div[@dir='auto' and contains(text(),'Type')]/following-sibling::div/div/div]
2022-08-11 00:08:337 INFO  AccountPage :66 - Click on Focal Aware Seizure [[ChromeDriver: chrome on WINDOWS (b32ac942145ea127f9feb87b73153d9a)] -> xpath: //body/div[3]/div[1]/div[2]/div[1]/div[1]/div[1]/div[1]/div[1]/div[2]/div[1]/div[1]/div[1]/div[1]/div[1]/div[4]/div[1]/div[1]/div[1]/div[2]/div[1]]
2022-08-11 00:08:402 INFO  AccountPage :70 - Click on Validate Button [[ChromeDriver: chrome on WINDOWS (b32ac942145ea127f9feb87b73153d9a)] -> xpath: //div[contains(text(),'Validate')]]
2022-08-11 00:08:492 INFO  AccountPage :74 - Click on Felt No Radio Button [[ChromeDriver: chrome on WINDOWS (b32ac942145ea127f9feb87b73153d9a)] -> xpath: //body/div[@id='root']/div[1]/div[1]/div[1]/div[1]/div[1]/div[1]/div[2]/div[2]/div[2]/div[1]/div[1]/div[1]/div[1]/div[1]/div[2]/div[1]/div[1]/div[1]/div[6]/div[2]/div[1]/div[1]/div[2]/div[2]/div[1]]
2022-08-11 00:08:592 INFO  AccountPage :78 - Click on Save Button [[ChromeDriver: chrome on WINDOWS (b32ac942145ea127f9feb87b73153d9a)] -> xpath: //div[contains(text(),'Save')]]
2022-08-11 00:08:372 INFO  AccountPage :82 - Click on Close Button [[ChromeDriver: chrome on WINDOWS (b32ac942145ea127f9feb87b73153d9a)] -> xpath: //div[contains(text(),'Close')]]
2022-08-11 00:08:386 INFO  AccountPage :85 - Getting text from account Page [[ChromeDriver: chrome on WINDOWS (b32ac942145ea127f9feb87b73153d9a)] -> xpath: //body/div[@id='root']/div[1]/div[1]/div[1]/div[1]/div[1]/div[1]/div[1]/div[2]/div[2]/div[1]/div[1]/div[1]/div[1]/div[1]/div[1]/div[1]/div[1]/div[1]/div[2]/div[1]/div[2]/div[1]/div[2]/div[3]/div[1]/div[2]]
2022-08-11 01:08:380 INFO  HomePage :44 - Click on Next Radio Button [[ChromeDriver: chrome on WINDOWS (e5115363be0af8c30b711dc834380c1d)] -> xpath: //div[@class='css-view-175oi2r r-alignItems-1awozwy r-flexDirection-18u37iz r-justifyContent-1777fci r-marginBottom-1y1xsc3']/div[2]]
2022-08-11 01:08:953 INFO  HomePage :48 - Click on Lets Go Button [[ChromeDriver: chrome on WINDOWS (e5115363be0af8c30b711dc834380c1d)] -> xpath: //div[@data-testid='Lets go']]
2022-08-11 01:08:973 INFO  HomePage :51 - Getting text from Login Page Header [[ChromeDriver: chrome on WINDOWS (e5115363be0af8c30b711dc834380c1d)] -> xpath: //div[@dir='auto' and contains(text(),'Hi!')]]
2022-08-11 01:08:85 INFO  HomePage :56 - Click on I already have an account [[ChromeDriver: chrome on WINDOWS (e5115363be0af8c30b711dc834380c1d)] -> xpath: //div[@dir='auto' and contains(text(),'I already have an account')]]
2022-08-11 01:08:378 INFO  HomePage :60 - Send Text to Email Field[[ChromeDriver: chrome on WINDOWS (e5115363be0af8c30b711dc834380c1d)] -> xpath: //div/input[@data-testid='Email']]
2022-08-11 01:08:523 INFO  HomePage :65 - Send Text to Email Field[[ChromeDriver: chrome on WINDOWS (e5115363be0af8c30b711dc834380c1d)] -> xpath: //div/input[@data-testid='Password']]
2022-08-11 01:08:617 INFO  HomePage :69 - Click on Login Button[[ChromeDriver: chrome on WINDOWS (e5115363be0af8c30b711dc834380c1d)] -> xpath: //div[@data-testid='Log In']]
2022-08-11 01:08:412 INFO  AccountPage :51 - Getting text from Account Page Header [[ChromeDriver: chrome on WINDOWS (e5115363be0af8c30b711dc834380c1d)] -> xpath: //div[@data-testid='Home']]
2022-08-11 01:08:687 INFO  AccountPage :57 - Click on Add Seizure [[ChromeDriver: chrome on WINDOWS (e5115363be0af8c30b711dc834380c1d)] -> xpath: //div[@dir='auto' and contains(text(),'Add Seizure')]]
2022-08-11 01:08:815 INFO  AccountPage :62 - Click on Seizure Type [[ChromeDriver: chrome on WINDOWS (e5115363be0af8c30b711dc834380c1d)] -> xpath: //div[@dir='auto' and contains(text(),'Type')]/following-sibling::div/div/div]
2022-08-11 01:08:872 INFO  AccountPage :66 - Click on Focal Aware Seizure [[ChromeDriver: chrome on WINDOWS (e5115363be0af8c30b711dc834380c1d)] -> xpath: //body/div[3]/div[1]/div[2]/div[1]/div[1]/div[1]/div[1]/div[1]/div[2]/div[1]/div[1]/div[1]/div[1]/div[1]/div[4]/div[1]/div[1]/div[1]/div[2]/div[1]]
2022-08-11 01:08:953 INFO  AccountPage :70 - Click on Validate Button [[ChromeDriver: chrome on WINDOWS (e5115363be0af8c30b711dc834380c1d)] -> xpath: //div[contains(text(),'Validate')]]
2022-08-11 01:08:23 INFO  AccountPage :74 - Click on Felt No Radio Button [[ChromeDriver: chrome on WINDOWS (e5115363be0af8c30b711dc834380c1d)] -> xpath: //body/div[@id='root']/div[1]/div[1]/div[1]/div[1]/div[1]/div[1]/div[2]/div[2]/div[2]/div[1]/div[1]/div[1]/div[1]/div[1]/div[2]/div[1]/div[1]/div[1]/div[6]/div[2]/div[1]/div[1]/div[2]/div[2]/div[1]]
2022-08-11 01:08:326 INFO  AccountPage :78 - Click on Save Button [[ChromeDriver: chrome on WINDOWS (e5115363be0af8c30b711dc834380c1d)] -> xpath: //div[contains(text(),'Save')]]
2022-08-11 01:08:948 INFO  AccountPage :82 - Click on Close Button [[ChromeDriver: chrome on WINDOWS (e5115363be0af8c30b711dc834380c1d)] -> xpath: //div[contains(text(),'Close')]]
2022-08-11 01:08:963 INFO  AccountPage :85 - Getting text from account Page [[ChromeDriver: chrome on WINDOWS (e5115363be0af8c30b711dc834380c1d)] -> xpath: //body/div[@id='root']/div[1]/div[1]/div[1]/div[1]/div[1]/div[1]/div[1]/div[2]/div[2]/div[1]/div[1]/div[1]/div[1]/div[1]/div[1]/div[1]/div[1]/div[1]/div[2]/div[1]/div[2]/div[1]/div[2]/div[3]/div[1]/div[2]]
2022-08-11 01:08:390 INFO  AccountPage :51 - Getting text from Account Page Header Proxy element for: DefaultElementLocator 'By.xpath: //div[@data-testid='Home']'
2022-08-11 01:08:309 INFO  HomePage :44 - Click on Next Radio Button [[ChromeDriver: chrome on WINDOWS (a47f1f34b6212f0f948ee658e80838e5)] -> xpath: //div[@class='css-view-175oi2r r-alignItems-1awozwy r-flexDirection-18u37iz r-justifyContent-1777fci r-marginBottom-1y1xsc3']/div[2]]
2022-08-11 01:08:906 INFO  HomePage :48 - Click on Lets Go Button [[ChromeDriver: chrome on WINDOWS (a47f1f34b6212f0f948ee658e80838e5)] -> xpath: //div[@data-testid='Lets go']]
2022-08-11 01:08:923 INFO  HomePage :51 - Getting text from Login Page Header [[ChromeDriver: chrome on WINDOWS (a47f1f34b6212f0f948ee658e80838e5)] -> xpath: //div[@dir='auto' and contains(text(),'Hi!')]]
2022-08-11 01:08:30 INFO  HomePage :56 - Click on I already have an account [[ChromeDriver: chrome on WINDOWS (a47f1f34b6212f0f948ee658e80838e5)] -> xpath: //div[@dir='auto' and contains(text(),'I already have an account')]]
2022-08-11 01:08:324 INFO  HomePage :60 - Send Text to Email Field[[ChromeDriver: chrome on WINDOWS (a47f1f34b6212f0f948ee658e80838e5)] -> xpath: //div/input[@data-testid='Email']]
2022-08-11 01:08:469 INFO  HomePage :65 - Send Text to Email Field[[ChromeDriver: chrome on WINDOWS (a47f1f34b6212f0f948ee658e80838e5)] -> xpath: //div/input[@data-testid='Password']]
2022-08-11 01:08:566 INFO  HomePage :69 - Click on Login Button[[ChromeDriver: chrome on WINDOWS (a47f1f34b6212f0f948ee658e80838e5)] -> xpath: //div[@data-testid='Log In']]
2022-08-11 01:08:411 INFO  AccountPage :51 - Getting text from Account Page Header [[ChromeDriver: chrome on WINDOWS (a47f1f34b6212f0f948ee658e80838e5)] -> xpath: //div[@data-testid='Home']]
2022-08-11 01:08:759 INFO  AccountPage :57 - Click on Add Seizure [[ChromeDriver: chrome on WINDOWS (a47f1f34b6212f0f948ee658e80838e5)] -> xpath: //div[@dir='auto' and contains(text(),'Add Seizure')]]
2022-08-11 01:08:893 INFO  AccountPage :62 - Click on Seizure Type [[ChromeDriver: chrome on WINDOWS (a47f1f34b6212f0f948ee658e80838e5)] -> xpath: //div[@dir='auto' and contains(text(),'Type')]/following-sibling::div/div/div]
2022-08-11 01:08:957 INFO  AccountPage :66 - Click on Focal Aware Seizure [[ChromeDriver: chrome on WINDOWS (a47f1f34b6212f0f948ee658e80838e5)] -> xpath: //body/div[3]/div[1]/div[2]/div[1]/div[1]/div[1]/div[1]/div[1]/div[2]/div[1]/div[1]/div[1]/div[1]/div[1]/div[4]/div[1]/div[1]/div[1]/div[2]/div[1]]
2022-08-11 01:08:42 INFO  AccountPage :70 - Click on Validate Button [[ChromeDriver: chrome on WINDOWS (a47f1f34b6212f0f948ee658e80838e5)] -> xpath: //div[contains(text(),'Validate')]]
2022-08-11 01:08:298 INFO  AccountPage :74 - Click on Felt No Radio Button [[ChromeDriver: chrome on WINDOWS (a47f1f34b6212f0f948ee658e80838e5)] -> xpath: //body/div[@id='root']/div[1]/div[1]/div[1]/div[1]/div[1]/div[1]/div[2]/div[2]/div[2]/div[1]/div[1]/div[1]/div[1]/div[1]/div[2]/div[1]/div[1]/div[1]/div[6]/div[2]/div[1]/div[1]/div[2]/div[2]/div[1]]
2022-08-11 01:08:416 INFO  AccountPage :78 - Click on Save Button [[ChromeDriver: chrome on WINDOWS (a47f1f34b6212f0f948ee658e80838e5)] -> xpath: //div[contains(text(),'Save')]]
2022-08-11 01:08:844 INFO  AccountPage :82 - Click on Close Button [[ChromeDriver: chrome on WINDOWS (a47f1f34b6212f0f948ee658e80838e5)] -> xpath: //div[contains(text(),'Close')]]
2022-08-11 01:08:860 INFO  AccountPage :85 - Getting text from account Page [[ChromeDriver: chrome on WINDOWS (a47f1f34b6212f0f948ee658e80838e5)] -> xpath: //body/div[@id='root']/div[1]/div[1]/div[1]/div[1]/div[1]/div[1]/div[1]/div[2]/div[2]/div[1]/div[1]/div[1]/div[1]/div[1]/div[1]/div[1]/div[1]/div[1]/div[2]/div[1]/div[2]/div[1]/div[2]/div[3]/div[1]/div[2]]
2022-08-11 01:08:401 INFO  HomePage :44 - Click on Next Radio Button [[ChromeDriver: chrome on WINDOWS (4df925f12146395d6b14038c73358615)] -> xpath: //div[@class='css-view-175oi2r r-alignItems-1awozwy r-flexDirection-18u37iz r-justifyContent-1777fci r-marginBottom-1y1xsc3']/div[2]]
2022-08-11 01:08:970 INFO  HomePage :48 - Click on Lets Go Button [[ChromeDriver: chrome on WINDOWS (4df925f12146395d6b14038c73358615)] -> xpath: //div[@data-testid='Lets go']]
2022-08-11 01:08:985 INFO  HomePage :51 - Getting text from Login Page Header [[ChromeDriver: chrome on WINDOWS (4df925f12146395d6b14038c73358615)] -> xpath: //div[@dir='auto' and contains(text(),'Hi!')]]
2022-08-11 01:08:95 INFO  HomePage :56 - Click on I already have an account [[ChromeDriver: chrome on WINDOWS (4df925f12146395d6b14038c73358615)] -> xpath: //div[@dir='auto' and contains(text(),'I already have an account')]]
2022-08-11 01:08:426 INFO  HomePage :60 - Send Text to Email Field[[ChromeDriver: chrome on WINDOWS (4df925f12146395d6b14038c73358615)] -> xpath: //div/input[@data-testid='Email']]
2022-08-11 01:08:546 INFO  HomePage :65 - Send Text to Email Field[[ChromeDriver: chrome on WINDOWS (4df925f12146395d6b14038c73358615)] -> xpath: //div/input[@data-testid='Password']]
2022-08-11 01:08:641 INFO  HomePage :69 - Click on Login Button[[ChromeDriver: chrome on WINDOWS (4df925f12146395d6b14038c73358615)] -> xpath: //div[@data-testid='Log In']]
2022-08-11 01:08:313 INFO  AccountPage :51 - Getting text from Account Page Header [[ChromeDriver: chrome on WINDOWS (4df925f12146395d6b14038c73358615)] -> xpath: //div[@data-testid='Home']]
2022-08-11 01:08:553 INFO  HomePage :44 - Click on Next Radio Button [[ChromeDriver: chrome on WINDOWS (2736541b1e6494ca50c8184c47cdef54)] -> xpath: //div[@class='css-view-175oi2r r-alignItems-1awozwy r-flexDirection-18u37iz r-justifyContent-1777fci r-marginBottom-1y1xsc3']/div[2]]
2022-08-11 01:08:126 INFO  HomePage :48 - Click on Lets Go Button [[ChromeDriver: chrome on WINDOWS (2736541b1e6494ca50c8184c47cdef54)] -> xpath: //div[@data-testid='Lets go']]
2022-08-11 01:08:142 INFO  HomePage :51 - Getting text from Login Page Header [[ChromeDriver: chrome on WINDOWS (2736541b1e6494ca50c8184c47cdef54)] -> xpath: //div[@dir='auto' and contains(text(),'Hi!')]]
2022-08-11 01:08:255 INFO  HomePage :56 - Click on I already have an account [[ChromeDriver: chrome on WINDOWS (2736541b1e6494ca50c8184c47cdef54)] -> xpath: //div[@dir='auto' and contains(text(),'I already have an account')]]
2022-08-11 01:08:561 INFO  HomePage :60 - Send Text to Email Field[[ChromeDriver: chrome on WINDOWS (2736541b1e6494ca50c8184c47cdef54)] -> xpath: //div/input[@data-testid='Email']]
2022-08-11 01:08:702 INFO  HomePage :65 - Send Text to Email Field[[ChromeDriver: chrome on WINDOWS (2736541b1e6494ca50c8184c47cdef54)] -> xpath: //div/input[@data-testid='Password']]
2022-08-11 01:08:807 INFO  HomePage :69 - Click on Login Button[[ChromeDriver: chrome on WINDOWS (2736541b1e6494ca50c8184c47cdef54)] -> xpath: //div[@data-testid='Log In']]
2022-08-11 01:08:588 INFO  AccountPage :66 - Getting text from Account Page Header [[ChromeDriver: chrome on WINDOWS (2736541b1e6494ca50c8184c47cdef54)] -> xpath: //div[@data-testid='Home']]
2022-08-11 01:08:767 INFO  AccountPage :72 - Click on Add Seizure [[ChromeDriver: chrome on WINDOWS (2736541b1e6494ca50c8184c47cdef54)] -> xpath: //div[@dir='auto' and contains(text(),'Add Seizure')]]
2022-08-11 01:08:895 INFO  AccountPage :77 - Click on Seizure Type [[ChromeDriver: chrome on WINDOWS (2736541b1e6494ca50c8184c47cdef54)] -> xpath: //div[@dir='auto' and contains(text(),'Type')]/following-sibling::div/div/div]
2022-08-11 01:08:953 INFO  AccountPage :81 - Click on Focal Aware Seizure [[ChromeDriver: chrome on WINDOWS (2736541b1e6494ca50c8184c47cdef54)] -> xpath: //body/div[3]/div[1]/div[2]/div[1]/div[1]/div[1]/div[1]/div[1]/div[2]/div[1]/div[1]/div[1]/div[1]/div[1]/div[4]/div[1]/div[1]/div[1]/div[2]/div[1]]
2022-08-11 01:08:39 INFO  AccountPage :85 - Click on Validate Button [[ChromeDriver: chrome on WINDOWS (2736541b1e6494ca50c8184c47cdef54)] -> xpath: //div[contains(text(),'Validate')]]
2022-08-11 01:08:303 INFO  AccountPage :89 - Click on Felt No Radio Button [[ChromeDriver: chrome on WINDOWS (2736541b1e6494ca50c8184c47cdef54)] -> xpath: //body/div[@id='root']/div[1]/div[1]/div[1]/div[1]/div[1]/div[1]/div[2]/div[2]/div[2]/div[1]/div[1]/div[1]/div[1]/div[1]/div[2]/div[1]/div[1]/div[1]/div[6]/div[2]/div[1]/div[1]/div[2]/div[2]/div[1]]
2022-08-11 01:08:406 INFO  AccountPage :93 - Click on Save Button [[ChromeDriver: chrome on WINDOWS (2736541b1e6494ca50c8184c47cdef54)] -> xpath: //div[contains(text(),'Save')]]
2022-08-11 01:08:533 INFO  AccountPage :97 - Click on Close Button [[ChromeDriver: chrome on WINDOWS (2736541b1e6494ca50c8184c47cdef54)] -> xpath: //div[contains(text(),'Close')]]
2022-08-11 01:08:549 INFO  AccountPage :100 - Getting text from account Page [[ChromeDriver: chrome on WINDOWS (2736541b1e6494ca50c8184c47cdef54)] -> xpath: //body/div[@id='root']/div[1]/div[1]/div[1]/div[1]/div[1]/div[1]/div[1]/div[2]/div[2]/div[1]/div[1]/div[1]/div[1]/div[1]/div[1]/div[1]/div[1]/div[1]/div[2]/div[1]/div[2]/div[1]/div[2]/div[3]/div[1]/div[2]]
2022-08-11 01:08:911 INFO  HomePage :44 - Click on Next Radio Button [[ChromeDriver: chrome on WINDOWS (66945739013380fd12a19bcc2af9196c)] -> xpath: //div[@class='css-view-175oi2r r-alignItems-1awozwy r-flexDirection-18u37iz r-justifyContent-1777fci r-marginBottom-1y1xsc3']/div[2]]
2022-08-11 01:08:477 INFO  HomePage :48 - Click on Lets Go Button [[ChromeDriver: chrome on WINDOWS (66945739013380fd12a19bcc2af9196c)] -> xpath: //div[@data-testid='Lets go']]
2022-08-11 01:08:491 INFO  HomePage :51 - Getting text from Login Page Header [[ChromeDriver: chrome on WINDOWS (66945739013380fd12a19bcc2af9196c)] -> xpath: //div[@dir='auto' and contains(text(),'Hi!')]]
2022-08-11 01:08:601 INFO  HomePage :56 - Click on I already have an account [[ChromeDriver: chrome on WINDOWS (66945739013380fd12a19bcc2af9196c)] -> xpath: //div[@dir='auto' and contains(text(),'I already have an account')]]
2022-08-11 01:08:887 INFO  HomePage :60 - Send Text to Email Field[[ChromeDriver: chrome on WINDOWS (66945739013380fd12a19bcc2af9196c)] -> xpath: //div/input[@data-testid='Email']]
2022-08-11 01:08:36 INFO  HomePage :65 - Send Text to Email Field[[ChromeDriver: chrome on WINDOWS (66945739013380fd12a19bcc2af9196c)] -> xpath: //div/input[@data-testid='Password']]
2022-08-11 01:08:145 INFO  HomePage :69 - Click on Login Button[[ChromeDriver: chrome on WINDOWS (66945739013380fd12a19bcc2af9196c)] -> xpath: //div[@data-testid='Log In']]
2022-08-11 01:08:734 INFO  AccountPage :66 - Getting text from Account Page Header [[ChromeDriver: chrome on WINDOWS (66945739013380fd12a19bcc2af9196c)] -> xpath: //div[@data-testid='Home']]
2022-08-11 01:08:529 INFO  AccountPage :105 - Click on Edit Calender [[ChromeDriver: chrome on WINDOWS (66945739013380fd12a19bcc2af9196c)] -> xpath: //body/div[@id='root']/div[1]/div[1]/div[1]/div[1]/div[1]/div[1]/div[1]/div[2]/div[2]/div[1]/div[1]/div[1]/div[1]/div[1]/div[1]/div[1]/div[1]/div[1]/div[2]/div[1]/div[2]/div[1]/div[2]/div[2]/div[7]/div[1]/div[1]]
2022-08-11 01:08:693 INFO  AccountPage :109 - Click on Edit item [[ChromeDriver: chrome on WINDOWS (66945739013380fd12a19bcc2af9196c)] -> xpath: //body/div[@id='root']/div[1]/div[1]/div[1]/div[1]/div[1]/div[1]/div[1]/div[2]/div[2]/div[1]/div[1]/div[1]/div[1]/div[1]/div[1]/div[2]/div[1]/div[1]/div[3]/div[2]/div[1]/div[25]/div[1]/div[2]/div[3]/div[1]/div[2]/div[1]/div[1]/div[3]]
2022-08-11 01:08:492 INFO  AccountPage :113 - Click on Generalized Seizure [[ChromeDriver: chrome on WINDOWS (66945739013380fd12a19bcc2af9196c)] -> xpath: //body/div[3]/div[1]/div[2]/div[1]/div[1]/div[1]/div[1]/div[1]/div[2]/div[1]/div[1]/div[1]/div[1]/div[1]/div[1]/div[1]/div[1]/div[1]/div[2]/div[1]/div[1]]
2022-08-11 01:08:553 INFO  AccountPage :85 - Click on Validate Button [[ChromeDriver: chrome on WINDOWS (66945739013380fd12a19bcc2af9196c)] -> xpath: //div[contains(text(),'Validate')]]
2022-08-11 01:08:648 INFO  AccountPage :93 - Click on Save Button [[ChromeDriver: chrome on WINDOWS (66945739013380fd12a19bcc2af9196c)] -> xpath: //div[contains(text(),'Save')]]
2022-08-11 01:08:843 INFO  HomePage :44 - Click on Next Radio Button [[ChromeDriver: chrome on WINDOWS (90379fef4fbe2d73d7d2c512a156e9c4)] -> xpath: //div[@class='css-view-175oi2r r-alignItems-1awozwy r-flexDirection-18u37iz r-justifyContent-1777fci r-marginBottom-1y1xsc3']/div[2]]
2022-08-11 01:08:470 INFO  HomePage :48 - Click on Lets Go Button [[ChromeDriver: chrome on WINDOWS (90379fef4fbe2d73d7d2c512a156e9c4)] -> xpath: //div[@data-testid='Lets go']]
2022-08-11 01:08:487 INFO  HomePage :51 - Getting text from Login Page Header [[ChromeDriver: chrome on WINDOWS (90379fef4fbe2d73d7d2c512a156e9c4)] -> xpath: //div[@dir='auto' and contains(text(),'Hi!')]]
2022-08-11 01:08:600 INFO  HomePage :56 - Click on I already have an account [[ChromeDriver: chrome on WINDOWS (90379fef4fbe2d73d7d2c512a156e9c4)] -> xpath: //div[@dir='auto' and contains(text(),'I already have an account')]]
2022-08-11 01:08:955 INFO  HomePage :60 - Send Text to Email Field[[ChromeDriver: chrome on WINDOWS (90379fef4fbe2d73d7d2c512a156e9c4)] -> xpath: //div/input[@data-testid='Email']]
2022-08-11 01:08:98 INFO  HomePage :65 - Send Text to Email Field[[ChromeDriver: chrome on WINDOWS (90379fef4fbe2d73d7d2c512a156e9c4)] -> xpath: //div/input[@data-testid='Password']]
2022-08-11 01:08:195 INFO  HomePage :69 - Click on Login Button[[ChromeDriver: chrome on WINDOWS (90379fef4fbe2d73d7d2c512a156e9c4)] -> xpath: //div[@data-testid='Log In']]
2022-08-11 01:08:902 INFO  AccountPage :66 - Getting text from Account Page Header [[ChromeDriver: chrome on WINDOWS (90379fef4fbe2d73d7d2c512a156e9c4)] -> xpath: //div[@data-testid='Home']]
2022-08-11 01:08:934 INFO  AccountPage :112 - Click on Edit Calender [[ChromeDriver: chrome on WINDOWS (90379fef4fbe2d73d7d2c512a156e9c4)] -> xpath: //body/div[@id='root']/div[1]/div[1]/div[1]/div[1]/div[1]/div[1]/div[1]/div[2]/div[2]/div[1]/div[1]/div[1]/div[1]/div[1]/div[1]/div[1]/div[1]/div[1]/div[2]/div[1]/div[2]/div[1]/div[2]/div[2]/div[7]/div[1]/div[1]]
2022-08-11 01:08:142 INFO  HomePage :44 - Click on Next Radio Button [[ChromeDriver: chrome on WINDOWS (a39130a18ad57dd3062eca4474d5e8b1)] -> xpath: //div[@class='css-view-175oi2r r-alignItems-1awozwy r-flexDirection-18u37iz r-justifyContent-1777fci r-marginBottom-1y1xsc3']/div[2]]
2022-08-11 01:08:718 INFO  HomePage :48 - Click on Lets Go Button [[ChromeDriver: chrome on WINDOWS (a39130a18ad57dd3062eca4474d5e8b1)] -> xpath: //div[@data-testid='Lets go']]
2022-08-11 01:08:752 INFO  HomePage :51 - Getting text from Login Page Header [[ChromeDriver: chrome on WINDOWS (a39130a18ad57dd3062eca4474d5e8b1)] -> xpath: //div[@dir='auto' and contains(text(),'Hi!')]]
2022-08-11 01:08:859 INFO  HomePage :56 - Click on I already have an account [[ChromeDriver: chrome on WINDOWS (a39130a18ad57dd3062eca4474d5e8b1)] -> xpath: //div[@dir='auto' and contains(text(),'I already have an account')]]
2022-08-11 01:08:164 INFO  HomePage :60 - Send Text to Email Field[[ChromeDriver: chrome on WINDOWS (a39130a18ad57dd3062eca4474d5e8b1)] -> xpath: //div/input[@data-testid='Email']]
2022-08-11 01:08:318 INFO  HomePage :65 - Send Text to Email Field[[ChromeDriver: chrome on WINDOWS (a39130a18ad57dd3062eca4474d5e8b1)] -> xpath: //div/input[@data-testid='Password']]
2022-08-11 01:08:413 INFO  HomePage :69 - Click on Login Button[[ChromeDriver: chrome on WINDOWS (a39130a18ad57dd3062eca4474d5e8b1)] -> xpath: //div[@data-testid='Log In']]
2022-08-11 01:08:221 INFO  AccountPage :66 - Getting text from Account Page Header [[ChromeDriver: chrome on WINDOWS (a39130a18ad57dd3062eca4474d5e8b1)] -> xpath: //div[@data-testid='Home']]
2022-08-11 01:08:887 INFO  AccountPage :112 - Click on Edit Calender [[ChromeDriver: chrome on WINDOWS (a39130a18ad57dd3062eca4474d5e8b1)] -> xpath: //body/div[@id='root']/div[1]/div[1]/div[1]/div[1]/div[1]/div[1]/div[1]/div[2]/div[2]/div[1]/div[1]/div[1]/div[1]/div[1]/div[1]/div[1]/div[1]/div[1]/div[2]/div[1]/div[2]/div[1]/div[2]/div[2]/div[7]/div[1]/div[1]]
2022-08-11 01:08:798 INFO  AccountPage :117 - Click on Edit item [[ChromeDriver: chrome on WINDOWS (a39130a18ad57dd3062eca4474d5e8b1)] -> xpath: //body/div[@id='root']/div[1]/div[1]/div[1]/div[1]/div[1]/div[1]/div[1]/div[2]/div[2]/div[1]/div[1]/div[1]/div[1]/div[1]/div[1]/div[2]/div[1]/div[1]/div[3]/div[2]/div[1]/div[25]/div[1]/div[2]/div[3]/div[1]/div[2]/div[1]/div[1]/div[3]]
2022-08-11 01:08:895 INFO  HomePage :44 - Click on Next Radio Button [[ChromeDriver: chrome on WINDOWS (813727760edf096f38b4cddd01f45772)] -> xpath: //div[@class='css-view-175oi2r r-alignItems-1awozwy r-flexDirection-18u37iz r-justifyContent-1777fci r-marginBottom-1y1xsc3']/div[2]]
2022-08-11 01:08:508 INFO  HomePage :48 - Click on Lets Go Button [[ChromeDriver: chrome on WINDOWS (813727760edf096f38b4cddd01f45772)] -> xpath: //div[@data-testid='Lets go']]
2022-08-11 01:08:525 INFO  HomePage :51 - Getting text from Login Page Header [[ChromeDriver: chrome on WINDOWS (813727760edf096f38b4cddd01f45772)] -> xpath: //div[@dir='auto' and contains(text(),'Hi!')]]
2022-08-11 01:08:636 INFO  HomePage :56 - Click on I already have an account [[ChromeDriver: chrome on WINDOWS (813727760edf096f38b4cddd01f45772)] -> xpath: //div[@dir='auto' and contains(text(),'I already have an account')]]
2022-08-11 01:08:948 INFO  HomePage :60 - Send Text to Email Field[[ChromeDriver: chrome on WINDOWS (813727760edf096f38b4cddd01f45772)] -> xpath: //div/input[@data-testid='Email']]
2022-08-11 01:08:80 INFO  HomePage :65 - Send Text to Email Field[[ChromeDriver: chrome on WINDOWS (813727760edf096f38b4cddd01f45772)] -> xpath: //div/input[@data-testid='Password']]
2022-08-11 01:08:182 INFO  HomePage :69 - Click on Login Button[[ChromeDriver: chrome on WINDOWS (813727760edf096f38b4cddd01f45772)] -> xpath: //div[@data-testid='Log In']]
2022-08-11 01:08:59 INFO  AccountPage :65 - Getting text from Account Page Header [[ChromeDriver: chrome on WINDOWS (813727760edf096f38b4cddd01f45772)] -> xpath: //div[@data-testid='Home']]
2022-08-11 01:08:774 INFO  AccountPage :111 - Click on Edit Calender [[ChromeDriver: chrome on WINDOWS (813727760edf096f38b4cddd01f45772)] -> xpath: //body/div[@id='root']/div[1]/div[1]/div[1]/div[1]/div[1]/div[1]/div[1]/div[2]/div[2]/div[1]/div[1]/div[1]/div[1]/div[1]/div[1]/div[1]/div[1]/div[1]/div[2]/div[1]/div[2]/div[1]/div[2]/div[2]/div[7]/div[1]/div[1]]
2022-08-11 01:08:690 INFO  AccountPage :116 - Click on Edit item [[ChromeDriver: chrome on WINDOWS (813727760edf096f38b4cddd01f45772)] -> xpath: //body/div[@id='root']/div[1]/div[1]/div[1]/div[1]/div[1]/div[1]/div[1]/div[2]/div[2]/div[1]/div[1]/div[1]/div[1]/div[1]/div[1]/div[2]/div[1]/div[1]/div[3]/div[2]/div[1]/div[25]/div[1]/div[2]/div[3]/div[1]/div[2]/div[1]/div[1]/div[3]]
2022-08-11 01:08:772 INFO  HomePage :44 - Click on Next Radio Button [[ChromeDriver: chrome on WINDOWS (64642adf6dd6ced4f4bf031f6933a02f)] -> xpath: //div[@class='css-view-175oi2r r-alignItems-1awozwy r-flexDirection-18u37iz r-justifyContent-1777fci r-marginBottom-1y1xsc3']/div[2]]
2022-08-11 01:08:446 INFO  HomePage :48 - Click on Lets Go Button [[ChromeDriver: chrome on WINDOWS (64642adf6dd6ced4f4bf031f6933a02f)] -> xpath: //div[@data-testid='Lets go']]
2022-08-11 01:08:466 INFO  HomePage :51 - Getting text from Login Page Header [[ChromeDriver: chrome on WINDOWS (64642adf6dd6ced4f4bf031f6933a02f)] -> xpath: //div[@dir='auto' and contains(text(),'Hi!')]]
2022-08-11 01:08:578 INFO  HomePage :56 - Click on I already have an account [[ChromeDriver: chrome on WINDOWS (64642adf6dd6ced4f4bf031f6933a02f)] -> xpath: //div[@dir='auto' and contains(text(),'I already have an account')]]
2022-08-11 01:08:867 INFO  HomePage :60 - Send Text to Email Field[[ChromeDriver: chrome on WINDOWS (64642adf6dd6ced4f4bf031f6933a02f)] -> xpath: //div/input[@data-testid='Email']]
2022-08-11 01:08:22 INFO  HomePage :65 - Send Text to Email Field[[ChromeDriver: chrome on WINDOWS (64642adf6dd6ced4f4bf031f6933a02f)] -> xpath: //div/input[@data-testid='Password']]
2022-08-11 01:08:114 INFO  HomePage :69 - Click on Login Button[[ChromeDriver: chrome on WINDOWS (64642adf6dd6ced4f4bf031f6933a02f)] -> xpath: //div[@data-testid='Log In']]
2022-08-11 01:08:852 INFO  AccountPage :65 - Getting text from Account Page Header [[ChromeDriver: chrome on WINDOWS (64642adf6dd6ced4f4bf031f6933a02f)] -> xpath: //div[@data-testid='Home']]
2022-08-11 01:08:813 INFO  AccountPage :111 - Click on Edit Calender [[ChromeDriver: chrome on WINDOWS (64642adf6dd6ced4f4bf031f6933a02f)] -> xpath: //body/div[@id='root']/div[1]/div[1]/div[1]/div[1]/div[1]/div[1]/div[1]/div[2]/div[2]/div[1]/div[1]/div[1]/div[1]/div[1]/div[1]/div[1]/div[1]/div[1]/div[2]/div[1]/div[2]/div[1]/div[2]/div[2]/div[7]/div[1]/div[1]]
2022-08-11 01:08:592 INFO  AccountPage :116 - Click on Edit item [[ChromeDriver: chrome on WINDOWS (64642adf6dd6ced4f4bf031f6933a02f)] -> xpath: //body/div[@id='root']/div[1]/div[1]/div[1]/div[1]/div[1]/div[1]/div[1]/div[2]/div[2]/div[1]/div[1]/div[1]/div[1]/div[1]/div[1]/div[2]/div[1]/div[1]/div[3]/div[2]/div[1]/div[25]/div[1]/div[2]/div[3]/div[1]/div[2]/div[1]/div[1]/div[3]]
2022-08-11 01:08:498 INFO  HomePage :44 - Click on Next Radio Button [[ChromeDriver: chrome on WINDOWS (b70b5029dcada5a4714a14c301953de6)] -> xpath: //div[@class='css-view-175oi2r r-alignItems-1awozwy r-flexDirection-18u37iz r-justifyContent-1777fci r-marginBottom-1y1xsc3']/div[2]]
2022-08-11 01:08:79 INFO  HomePage :48 - Click on Lets Go Button [[ChromeDriver: chrome on WINDOWS (b70b5029dcada5a4714a14c301953de6)] -> xpath: //div[@data-testid='Lets go']]
2022-08-11 01:08:102 INFO  HomePage :51 - Getting text from Login Page Header [[ChromeDriver: chrome on WINDOWS (b70b5029dcada5a4714a14c301953de6)] -> xpath: //div[@dir='auto' and contains(text(),'Hi!')]]
2022-08-11 01:08:209 INFO  HomePage :56 - Click on I already have an account [[ChromeDriver: chrome on WINDOWS (b70b5029dcada5a4714a14c301953de6)] -> xpath: //div[@dir='auto' and contains(text(),'I already have an account')]]
2022-08-11 01:08:535 INFO  HomePage :60 - Send Text to Email Field[[ChromeDriver: chrome on WINDOWS (b70b5029dcada5a4714a14c301953de6)] -> xpath: //div/input[@data-testid='Email']]
2022-08-11 01:08:677 INFO  HomePage :65 - Send Text to Email Field[[ChromeDriver: chrome on WINDOWS (b70b5029dcada5a4714a14c301953de6)] -> xpath: //div/input[@data-testid='Password']]
2022-08-11 01:08:775 INFO  HomePage :69 - Click on Login Button[[ChromeDriver: chrome on WINDOWS (b70b5029dcada5a4714a14c301953de6)] -> xpath: //div[@data-testid='Log In']]
2022-08-11 01:08:631 INFO  AccountPage :65 - Getting text from Account Page Header [[ChromeDriver: chrome on WINDOWS (b70b5029dcada5a4714a14c301953de6)] -> xpath: //div[@data-testid='Home']]
2022-08-11 01:08:607 INFO  AccountPage :111 - Click on Edit Calender [[ChromeDriver: chrome on WINDOWS (b70b5029dcada5a4714a14c301953de6)] -> xpath: //body/div[@id='root']/div[1]/div[1]/div[1]/div[1]/div[1]/div[1]/div[1]/div[2]/div[2]/div[1]/div[1]/div[1]/div[1]/div[1]/div[1]/div[1]/div[1]/div[1]/div[2]/div[1]/div[2]/div[1]/div[2]/div[2]/div[7]/div[1]/div[1]]
2022-08-11 01:08:596 INFO  AccountPage :116 - Click on Edit item [[ChromeDriver: chrome on WINDOWS (b70b5029dcada5a4714a14c301953de6)] -> xpath: //body/div[@id='root']/div[1]/div[1]/div[1]/div[1]/div[1]/div[1]/div[1]/div[2]/div[2]/div[1]/div[1]/div[1]/div[1]/div[1]/div[1]/div[2]/div[1]/div[1]/div[3]/div[2]/div[1]/div[25]/div[1]/div[2]/div[3]/div[1]/div[2]/div[1]/div[1]/div[3]]
2022-08-11 01:08:355 INFO  AccountPage :76 - Click on Seizure Type [[ChromeDriver: chrome on WINDOWS (b70b5029dcada5a4714a14c301953de6)] -> xpath: //div[@dir='auto' and contains(text(),'Type')]/following-sibling::div/div/div]
2022-08-11 01:08:993 INFO  HomePage :44 - Click on Next Radio Button [[ChromeDriver: chrome on WINDOWS (c6f6b48425c77d978427323e23742502)] -> xpath: //div[@class='css-view-175oi2r r-alignItems-1awozwy r-flexDirection-18u37iz r-justifyContent-1777fci r-marginBottom-1y1xsc3']/div[2]]
2022-08-11 01:08:563 INFO  HomePage :48 - Click on Lets Go Button [[ChromeDriver: chrome on WINDOWS (c6f6b48425c77d978427323e23742502)] -> xpath: //div[@data-testid='Lets go']]
2022-08-11 01:08:579 INFO  HomePage :51 - Getting text from Login Page Header [[ChromeDriver: chrome on WINDOWS (c6f6b48425c77d978427323e23742502)] -> xpath: //div[@dir='auto' and contains(text(),'Hi!')]]
2022-08-11 01:08:688 INFO  HomePage :56 - Click on I already have an account [[ChromeDriver: chrome on WINDOWS (c6f6b48425c77d978427323e23742502)] -> xpath: //div[@dir='auto' and contains(text(),'I already have an account')]]
2022-08-11 01:08:979 INFO  HomePage :60 - Send Text to Email Field[[ChromeDriver: chrome on WINDOWS (c6f6b48425c77d978427323e23742502)] -> xpath: //div/input[@data-testid='Email']]
2022-08-11 01:08:139 INFO  HomePage :65 - Send Text to Email Field[[ChromeDriver: chrome on WINDOWS (c6f6b48425c77d978427323e23742502)] -> xpath: //div/input[@data-testid='Password']]
2022-08-11 01:08:236 INFO  HomePage :69 - Click on Login Button[[ChromeDriver: chrome on WINDOWS (c6f6b48425c77d978427323e23742502)] -> xpath: //div[@data-testid='Log In']]
2022-08-11 01:08:937 INFO  AccountPage :65 - Getting text from Account Page Header [[ChromeDriver: chrome on WINDOWS (c6f6b48425c77d978427323e23742502)] -> xpath: //div[@data-testid='Home']]
2022-08-11 01:08:861 INFO  AccountPage :111 - Click on Edit Calender [[ChromeDriver: chrome on WINDOWS (c6f6b48425c77d978427323e23742502)] -> xpath: //body/div[@id='root']/div[1]/div[1]/div[1]/div[1]/div[1]/div[1]/div[1]/div[2]/div[2]/div[1]/div[1]/div[1]/div[1]/div[1]/div[1]/div[1]/div[1]/div[1]/div[2]/div[1]/div[2]/div[1]/div[2]/div[2]/div[7]/div[1]/div[1]]
2022-08-11 01:08:870 INFO  AccountPage :116 - Click on Edit item [[ChromeDriver: chrome on WINDOWS (c6f6b48425c77d978427323e23742502)] -> xpath: //body/div[@id='root']/div[1]/div[1]/div[1]/div[1]/div[1]/div[1]/div[1]/div[2]/div[2]/div[1]/div[1]/div[1]/div[1]/div[1]/div[1]/div[2]/div[1]/div[1]/div[3]/div[2]/div[1]/div[25]/div[1]/div[2]/div[3]/div[1]/div[2]/div[1]/div[1]/div[3]]
2022-08-11 01:08:134 INFO  AccountPage :76 - Click on Seizure Type [[ChromeDriver: chrome on WINDOWS (c6f6b48425c77d978427323e23742502)] -> xpath: //div[@dir='auto' and contains(text(),'Type')]/following-sibling::div/div/div]
2022-08-11 01:08:195 INFO  AccountPage :121 - Click on Generalized Seizure [[ChromeDriver: chrome on WINDOWS (c6f6b48425c77d978427323e23742502)] -> xpath: //body/div[3]/div[1]/div[2]/div[1]/div[1]/div[1]/div[1]/div[1]/div[2]/div[1]/div[1]/div[1]/div[1]/div[1]/div[1]/div[1]/div[1]/div[1]/div[2]/div[1]]
2022-08-11 01:08:258 INFO  AccountPage :86 - Click on Validate Button [[ChromeDriver: chrome on WINDOWS (c6f6b48425c77d978427323e23742502)] -> xpath: //div[contains(text(),'Validate')]]
2022-08-11 01:08:376 INFO  AccountPage :96 - Click on Save Button [[ChromeDriver: chrome on WINDOWS (c6f6b48425c77d978427323e23742502)] -> xpath: //div[contains(text(),'Save')]]
2022-08-11 01:08:679 INFO  AccountPage :126 - Click on Home Button [[ChromeDriver: chrome on WINDOWS (c6f6b48425c77d978427323e23742502)] -> xpath: //body/div[@id='root']/div[1]/div[1]/div[1]/div[1]/div[1]/div[1]/div[1]/div[2]/div[2]/div[1]/div[1]/div[1]/div[1]/div[1]/div[2]/div[1]/a[1]/div[1]/div[2]/div[1]/img[1]]
2022-08-11 01:08:689 INFO  AccountPage :130 - Getting text Generalized Text [[ChromeDriver: chrome on WINDOWS (c6f6b48425c77d978427323e23742502)] -> xpath: //body/div[@id='root']/div[1]/div[1]/div[1]/div[1]/div[1]/div[1]/div[1]/div[2]/div[2]/div[1]/div[1]/div[1]/div[1]/div[1]/div[1]/div[1]/div[1]/div[1]/div[2]/div[1]/div[2]/div[1]/div[2]/div[3]/div[1]/div[2]]
2022-08-11 01:08:469 INFO  HomePage :44 - Click on Next Radio Button [[ChromeDriver: chrome on WINDOWS (2a6a50c65ce97859cfd348a21b6abb63)] -> xpath: //div[@class='css-view-175oi2r r-alignItems-1awozwy r-flexDirection-18u37iz r-justifyContent-1777fci r-marginBottom-1y1xsc3']/div[2]]
2022-08-11 01:08:16 INFO  HomePage :48 - Click on Lets Go Button [[ChromeDriver: chrome on WINDOWS (2a6a50c65ce97859cfd348a21b6abb63)] -> xpath: //div[@data-testid='Lets go']]
2022-08-11 01:08:35 INFO  HomePage :51 - Getting text from Login Page Header [[ChromeDriver: chrome on WINDOWS (2a6a50c65ce97859cfd348a21b6abb63)] -> xpath: //div[@dir='auto' and contains(text(),'Hi!')]]
2022-08-11 01:08:149 INFO  HomePage :56 - Click on I already have an account [[ChromeDriver: chrome on WINDOWS (2a6a50c65ce97859cfd348a21b6abb63)] -> xpath: //div[@dir='auto' and contains(text(),'I already have an account')]]
2022-08-11 01:08:451 INFO  HomePage :60 - Send Text to Email Field[[ChromeDriver: chrome on WINDOWS (2a6a50c65ce97859cfd348a21b6abb63)] -> xpath: //div/input[@data-testid='Email']]
2022-08-11 01:08:616 INFO  HomePage :65 - Send Text to Email Field[[ChromeDriver: chrome on WINDOWS (2a6a50c65ce97859cfd348a21b6abb63)] -> xpath: //div/input[@data-testid='Password']]
2022-08-11 01:08:716 INFO  HomePage :69 - Click on Login Button[[ChromeDriver: chrome on WINDOWS (2a6a50c65ce97859cfd348a21b6abb63)] -> xpath: //div[@data-testid='Log In']]
2022-08-11 01:08:541 INFO  AccountPage :65 - Getting text from Account Page Header [[ChromeDriver: chrome on WINDOWS (2a6a50c65ce97859cfd348a21b6abb63)] -> xpath: //div[@data-testid='Home']]
2022-08-11 01:08:729 INFO  AccountPage :71 - Click on Add Seizure [[ChromeDriver: chrome on WINDOWS (2a6a50c65ce97859cfd348a21b6abb63)] -> xpath: //div[@dir='auto' and contains(text(),'Add Seizure')]]
2022-08-11 01:08:864 INFO  AccountPage :76 - Click on Seizure Type [[ChromeDriver: chrome on WINDOWS (2a6a50c65ce97859cfd348a21b6abb63)] -> xpath: //div[@dir='auto' and contains(text(),'Type')]/following-sibling::div/div/div]
2022-08-11 01:08:927 INFO  AccountPage :81 - Click on Focal Aware Seizure [[ChromeDriver: chrome on WINDOWS (2a6a50c65ce97859cfd348a21b6abb63)] -> xpath: //body/div[3]/div[1]/div[2]/div[1]/div[1]/div[1]/div[1]/div[1]/div[2]/div[1]/div[1]/div[1]/div[1]/div[1]/div[4]/div[1]/div[1]/div[1]/div[2]/div[1]]
2022-08-11 01:08:996 INFO  AccountPage :86 - Click on Validate Button [[ChromeDriver: chrome on WINDOWS (2a6a50c65ce97859cfd348a21b6abb63)] -> xpath: //div[contains(text(),'Validate')]]
2022-08-11 01:08:140 INFO  AccountPage :91 - Click on Felt No Radio Button [[ChromeDriver: chrome on WINDOWS (2a6a50c65ce97859cfd348a21b6abb63)] -> xpath: //body/div[@id='root']/div[1]/div[1]/div[1]/div[1]/div[1]/div[1]/div[2]/div[2]/div[2]/div[1]/div[1]/div[1]/div[1]/div[1]/div[2]/div[1]/div[1]/div[1]/div[6]/div[2]/div[1]/div[1]/div[2]/div[2]/div[1]]
2022-08-11 01:08:247 INFO  AccountPage :96 - Click on Save Button [[ChromeDriver: chrome on WINDOWS (2a6a50c65ce97859cfd348a21b6abb63)] -> xpath: //div[contains(text(),'Save')]]
2022-08-11 01:08:18 INFO  AccountPage :101 - Click on Close Button [[ChromeDriver: chrome on WINDOWS (2a6a50c65ce97859cfd348a21b6abb63)] -> xpath: //div[contains(text(),'Close')]]
2022-08-11 01:08:36 INFO  AccountPage :105 - Getting text from account Page [[ChromeDriver: chrome on WINDOWS (2a6a50c65ce97859cfd348a21b6abb63)] -> xpath: //body/div[@id='root']/div[1]/div[1]/div[1]/div[1]/div[1]/div[1]/div[1]/div[2]/div[2]/div[1]/div[1]/div[1]/div[1]/div[1]/div[1]/div[1]/div[1]/div[1]/div[2]/div[1]/div[2]/div[1]/div[2]/div[3]/div[1]/div[2]]
2022-08-11 01:08:326 INFO  HomePage :44 - Click on Next Radio Button [[ChromeDriver: chrome on WINDOWS (df13aef9a697d414567cbf8b28d66649)] -> xpath: //div[@class='css-view-175oi2r r-alignItems-1awozwy r-flexDirection-18u37iz r-justifyContent-1777fci r-marginBottom-1y1xsc3']/div[2]]
2022-08-11 01:08:889 INFO  HomePage :48 - Click on Lets Go Button [[ChromeDriver: chrome on WINDOWS (df13aef9a697d414567cbf8b28d66649)] -> xpath: //div[@data-testid='Lets go']]
2022-08-11 01:08:905 INFO  HomePage :51 - Getting text from Login Page Header [[ChromeDriver: chrome on WINDOWS (df13aef9a697d414567cbf8b28d66649)] -> xpath: //div[@dir='auto' and contains(text(),'Hi!')]]
2022-08-11 01:08:62 INFO  HomePage :56 - Click on I already have an account [[ChromeDriver: chrome on WINDOWS (df13aef9a697d414567cbf8b28d66649)] -> xpath: //div[@dir='auto' and contains(text(),'I already have an account')]]
2022-08-11 01:08:382 INFO  HomePage :60 - Send Text to Email Field[[ChromeDriver: chrome on WINDOWS (df13aef9a697d414567cbf8b28d66649)] -> xpath: //div/input[@data-testid='Email']]
2022-08-11 01:08:530 INFO  HomePage :65 - Send Text to Email Field[[ChromeDriver: chrome on WINDOWS (df13aef9a697d414567cbf8b28d66649)] -> xpath: //div/input[@data-testid='Password']]
2022-08-11 01:08:622 INFO  HomePage :69 - Click on Login Button[[ChromeDriver: chrome on WINDOWS (df13aef9a697d414567cbf8b28d66649)] -> xpath: //div[@data-testid='Log In']]
2022-08-11 01:08:222 INFO  AccountPage :65 - Getting text from Account Page Header [[ChromeDriver: chrome on WINDOWS (df13aef9a697d414567cbf8b28d66649)] -> xpath: //div[@data-testid='Home']]
2022-08-11 01:08:405 INFO  AccountPage :111 - Click on Edit Calender [[ChromeDriver: chrome on WINDOWS (df13aef9a697d414567cbf8b28d66649)] -> xpath: //body/div[@id='root']/div[1]/div[1]/div[1]/div[1]/div[1]/div[1]/div[1]/div[2]/div[2]/div[1]/div[1]/div[1]/div[1]/div[1]/div[1]/div[1]/div[1]/div[1]/div[2]/div[1]/div[2]/div[1]/div[2]/div[2]/div[7]/div[1]/div[1]]
2022-08-11 01:08:410 INFO  AccountPage :116 - Click on Edit item [[ChromeDriver: chrome on WINDOWS (df13aef9a697d414567cbf8b28d66649)] -> xpath: //body/div[@id='root']/div[1]/div[1]/div[1]/div[1]/div[1]/div[1]/div[1]/div[2]/div[2]/div[1]/div[1]/div[1]/div[1]/div[1]/div[1]/div[2]/div[1]/div[1]/div[3]/div[2]/div[1]/div[25]/div[1]/div[2]/div[3]/div[1]/div[2]/div[1]/div[1]/div[3]]
2022-08-11 01:08:661 INFO  AccountPage :76 - Click on Seizure Type [[ChromeDriver: chrome on WINDOWS (df13aef9a697d414567cbf8b28d66649)] -> xpath: //div[@dir='auto' and contains(text(),'Type')]/following-sibling::div/div/div]
2022-08-11 01:08:720 INFO  AccountPage :121 - Click on Generalized Seizure [[ChromeDriver: chrome on WINDOWS (df13aef9a697d414567cbf8b28d66649)] -> xpath: //body/div[3]/div[1]/div[2]/div[1]/div[1]/div[1]/div[1]/div[1]/div[2]/div[1]/div[1]/div[1]/div[1]/div[1]/div[1]/div[1]/div[1]/div[1]/div[2]/div[1]]
2022-08-11 01:08:784 INFO  AccountPage :86 - Click on Validate Button [[ChromeDriver: chrome on WINDOWS (df13aef9a697d414567cbf8b28d66649)] -> xpath: //div[contains(text(),'Validate')]]
2022-08-11 01:08:900 INFO  AccountPage :96 - Click on Save Button [[ChromeDriver: chrome on WINDOWS (df13aef9a697d414567cbf8b28d66649)] -> xpath: //div[contains(text(),'Save')]]
2022-08-11 01:08:259 INFO  AccountPage :126 - Click on Home Button [[ChromeDriver: chrome on WINDOWS (df13aef9a697d414567cbf8b28d66649)] -> xpath: //body/div[@id='root']/div[1]/div[1]/div[1]/div[1]/div[1]/div[1]/div[1]/div[2]/div[2]/div[1]/div[1]/div[1]/div[1]/div[1]/div[2]/div[1]/a[1]/div[1]/div[2]/div[1]/img[1]]
2022-08-11 01:08:271 INFO  AccountPage :130 - Getting text Generalized Text [[ChromeDriver: chrome on WINDOWS (df13aef9a697d414567cbf8b28d66649)] -> xpath: //body/div[@id='root']/div[1]/div[1]/div[1]/div[1]/div[1]/div[1]/div[1]/div[2]/div[2]/div[1]/div[1]/div[1]/div[1]/div[1]/div[1]/div[1]/div[1]/div[1]/div[2]/div[1]/div[2]/div[1]/div[2]/div[3]/div[1]/div[2]]
2022-08-11 12:08:151 INFO  HomePage :44 - Click on Next Radio Button [[ChromeDriver: chrome on WINDOWS (7c7d0ba97912a89d9cfb72bc20b5ff66)] -> xpath: //div[@class='css-view-175oi2r r-alignItems-1awozwy r-flexDirection-18u37iz r-justifyContent-1777fci r-marginBottom-1y1xsc3']/div[2]]
2022-08-11 12:08:741 INFO  HomePage :48 - Click on Lets Go Button [[ChromeDriver: chrome on WINDOWS (7c7d0ba97912a89d9cfb72bc20b5ff66)] -> xpath: //div[@data-testid='Lets go']]
2022-08-11 12:08:760 INFO  HomePage :51 - Getting text from Login Page Header [[ChromeDriver: chrome on WINDOWS (7c7d0ba97912a89d9cfb72bc20b5ff66)] -> xpath: //div[@dir='auto' and contains(text(),'Hi!')]]
2022-08-11 12:08:870 INFO  HomePage :56 - Click on I already have an account [[ChromeDriver: chrome on WINDOWS (7c7d0ba97912a89d9cfb72bc20b5ff66)] -> xpath: //div[@dir='auto' and contains(text(),'I already have an account')]]
2022-08-11 12:08:112 INFO  HomePage :60 - Send Text to Email Field[[ChromeDriver: chrome on WINDOWS (7c7d0ba97912a89d9cfb72bc20b5ff66)] -> xpath: //div/input[@data-testid='Email']]
2022-08-11 12:08:274 INFO  HomePage :65 - Send Text to Email Field[[ChromeDriver: chrome on WINDOWS (7c7d0ba97912a89d9cfb72bc20b5ff66)] -> xpath: //div/input[@data-testid='Password']]
2022-08-11 12:08:372 INFO  HomePage :69 - Click on Login Button[[ChromeDriver: chrome on WINDOWS (7c7d0ba97912a89d9cfb72bc20b5ff66)] -> xpath: //div[@data-testid='Log In']]
2022-08-11 12:08:44 INFO  AccountPage :65 - Getting text from Account Page Header [[ChromeDriver: chrome on WINDOWS (7c7d0ba97912a89d9cfb72bc20b5ff66)] -> xpath: //div[@data-testid='Home']]
2022-08-11 12:08:399 INFO  AccountPage :71 - Click on Add Seizure [[ChromeDriver: chrome on WINDOWS (7c7d0ba97912a89d9cfb72bc20b5ff66)] -> xpath: //div[@dir='auto' and contains(text(),'Add Seizure')]]
2022-08-11 12:08:513 INFO  AccountPage :76 - Click on Seizure Type [[ChromeDriver: chrome on WINDOWS (7c7d0ba97912a89d9cfb72bc20b5ff66)] -> xpath: //div[@dir='auto' and contains(text(),'Type')]/following-sibling::div/div/div]
2022-08-11 12:08:571 INFO  AccountPage :81 - Click on Focal Aware Seizure [[ChromeDriver: chrome on WINDOWS (7c7d0ba97912a89d9cfb72bc20b5ff66)] -> xpath: //body/div[3]/div[1]/div[2]/div[1]/div[1]/div[1]/div[1]/div[1]/div[2]/div[1]/div[1]/div[1]/div[1]/div[1]/div[4]/div[1]/div[1]/div[1]/div[2]/div[1]]
2022-08-11 12:08:653 INFO  AccountPage :86 - Click on Validate Button [[ChromeDriver: chrome on WINDOWS (7c7d0ba97912a89d9cfb72bc20b5ff66)] -> xpath: //div[contains(text(),'Validate')]]
2022-08-11 12:08:915 INFO  AccountPage :91 - Click on Felt No Radio Button [[ChromeDriver: chrome on WINDOWS (7c7d0ba97912a89d9cfb72bc20b5ff66)] -> xpath: //body/div[@id='root']/div[1]/div[1]/div[1]/div[1]/div[1]/div[1]/div[2]/div[2]/div[2]/div[1]/div[1]/div[1]/div[1]/div[1]/div[2]/div[1]/div[1]/div[1]/div[6]/div[2]/div[1]/div[1]/div[2]/div[2]/div[1]]
2022-08-11 12:08:17 INFO  AccountPage :96 - Click on Save Button [[ChromeDriver: chrome on WINDOWS (7c7d0ba97912a89d9cfb72bc20b5ff66)] -> xpath: //div[contains(text(),'Save')]]
2022-08-11 12:08:753 INFO  AccountPage :101 - Click on Close Button [[ChromeDriver: chrome on WINDOWS (7c7d0ba97912a89d9cfb72bc20b5ff66)] -> xpath: //div[contains(text(),'Close')]]
2022-08-11 12:08:768 INFO  AccountPage :105 - Getting text from account Page [[ChromeDriver: chrome on WINDOWS (7c7d0ba97912a89d9cfb72bc20b5ff66)] -> xpath: //body/div[@id='root']/div[1]/div[1]/div[1]/div[1]/div[1]/div[1]/div[1]/div[2]/div[2]/div[1]/div[1]/div[1]/div[1]/div[1]/div[1]/div[1]/div[1]/div[1]/div[2]/div[1]/div[2]/div[1]/div[2]/div[3]/div[1]/div[2]]
2022-08-11 12:08:428 INFO  HomePage :44 - Click on Next Radio Button [[ChromeDriver: chrome on WINDOWS (6ed68dfbfdb2fc98f1173b2801212310)] -> xpath: //div[@class='css-view-175oi2r r-alignItems-1awozwy r-flexDirection-18u37iz r-justifyContent-1777fci r-marginBottom-1y1xsc3']/div[2]]
2022-08-11 12:08:24 INFO  HomePage :48 - Click on Lets Go Button [[ChromeDriver: chrome on WINDOWS (6ed68dfbfdb2fc98f1173b2801212310)] -> xpath: //div[@data-testid='Lets go']]
2022-08-11 12:08:42 INFO  HomePage :51 - Getting text from Login Page Header [[ChromeDriver: chrome on WINDOWS (6ed68dfbfdb2fc98f1173b2801212310)] -> xpath: //div[@dir='auto' and contains(text(),'Hi!')]]
2022-08-11 12:08:157 INFO  HomePage :56 - Click on I already have an account [[ChromeDriver: chrome on WINDOWS (6ed68dfbfdb2fc98f1173b2801212310)] -> xpath: //div[@dir='auto' and contains(text(),'I already have an account')]]
2022-08-11 12:08:402 INFO  HomePage :60 - Send Text to Email Field[[ChromeDriver: chrome on WINDOWS (6ed68dfbfdb2fc98f1173b2801212310)] -> xpath: //div/input[@data-testid='Email']]
2022-08-11 12:08:551 INFO  HomePage :65 - Send Text to Email Field[[ChromeDriver: chrome on WINDOWS (6ed68dfbfdb2fc98f1173b2801212310)] -> xpath: //div/input[@data-testid='Password']]
2022-08-11 12:08:646 INFO  HomePage :69 - Click on Login Button[[ChromeDriver: chrome on WINDOWS (6ed68dfbfdb2fc98f1173b2801212310)] -> xpath: //div[@data-testid='Log In']]
2022-08-11 12:08:370 INFO  AccountPage :65 - Getting text from Account Page Header [[ChromeDriver: chrome on WINDOWS (6ed68dfbfdb2fc98f1173b2801212310)] -> xpath: //div[@data-testid='Home']]
2022-08-11 12:08:345 INFO  AccountPage :111 - Click on Edit Calender [[ChromeDriver: chrome on WINDOWS (6ed68dfbfdb2fc98f1173b2801212310)] -> xpath: //body/div[@id='root']/div[1]/div[1]/div[1]/div[1]/div[1]/div[1]/div[1]/div[2]/div[2]/div[1]/div[1]/div[1]/div[1]/div[1]/div[1]/div[1]/div[1]/div[1]/div[2]/div[1]/div[2]/div[1]/div[2]/div[2]/div[7]/div[1]/div[1]]
2022-08-11 12:08:262 INFO  AccountPage :116 - Click on Edit item [[ChromeDriver: chrome on WINDOWS (6ed68dfbfdb2fc98f1173b2801212310)] -> xpath: //body/div[@id='root']/div[1]/div[1]/div[1]/div[1]/div[1]/div[1]/div[1]/div[2]/div[2]/div[1]/div[1]/div[1]/div[1]/div[1]/div[1]/div[2]/div[1]/div[1]/div[3]/div[2]/div[1]/div[25]/div[1]/div[2]/div[3]/div[1]/div[2]/div[1]/div[1]/div[3]]
2022-08-11 12:08:504 INFO  AccountPage :76 - Click on Seizure Type [[ChromeDriver: chrome on WINDOWS (6ed68dfbfdb2fc98f1173b2801212310)] -> xpath: //div[@dir='auto' and contains(text(),'Type')]/following-sibling::div/div/div]
2022-08-11 12:08:581 INFO  AccountPage :121 - Click on Generalized Seizure [[ChromeDriver: chrome on WINDOWS (6ed68dfbfdb2fc98f1173b2801212310)] -> xpath: //body/div[3]/div[1]/div[2]/div[1]/div[1]/div[1]/div[1]/div[1]/div[2]/div[1]/div[1]/div[1]/div[1]/div[1]/div[1]/div[1]/div[1]/div[1]/div[2]/div[1]]
2022-08-11 12:08:643 INFO  AccountPage :86 - Click on Validate Button [[ChromeDriver: chrome on WINDOWS (6ed68dfbfdb2fc98f1173b2801212310)] -> xpath: //div[contains(text(),'Validate')]]
2022-08-11 12:08:749 INFO  AccountPage :96 - Click on Save Button [[ChromeDriver: chrome on WINDOWS (6ed68dfbfdb2fc98f1173b2801212310)] -> xpath: //div[contains(text(),'Save')]]
2022-08-11 12:08:108 INFO  AccountPage :126 - Click on Home Button [[ChromeDriver: chrome on WINDOWS (6ed68dfbfdb2fc98f1173b2801212310)] -> xpath: //body/div[@id='root']/div[1]/div[1]/div[1]/div[1]/div[1]/div[1]/div[1]/div[2]/div[2]/div[1]/div[1]/div[1]/div[1]/div[1]/div[2]/div[1]/a[1]/div[1]/div[2]/div[1]/img[1]]
2022-08-11 12:08:117 INFO  AccountPage :130 - Getting text Generalized Text [[ChromeDriver: chrome on WINDOWS (6ed68dfbfdb2fc98f1173b2801212310)] -> xpath: //body/div[@id='root']/div[1]/div[1]/div[1]/div[1]/div[1]/div[1]/div[1]/div[2]/div[2]/div[1]/div[1]/div[1]/div[1]/div[1]/div[1]/div[1]/div[1]/div[1]/div[2]/div[1]/div[2]/div[1]/div[2]/div[3]/div[1]/div[2]]
2022-08-11 12:08:905 INFO  HomePage :44 - Click on Next Radio Button [[ChromeDriver: chrome on WINDOWS (f0639d65b1cf00cb8dcf654e169ee46e)] -> xpath: //div[@class='css-view-175oi2r r-alignItems-1awozwy r-flexDirection-18u37iz r-justifyContent-1777fci r-marginBottom-1y1xsc3']/div[2]]
2022-08-11 12:08:449 INFO  HomePage :48 - Click on Lets Go Button [[ChromeDriver: chrome on WINDOWS (f0639d65b1cf00cb8dcf654e169ee46e)] -> xpath: //div[@data-testid='Lets go']]
2022-08-11 12:08:467 INFO  HomePage :51 - Getting text from Login Page Header [[ChromeDriver: chrome on WINDOWS (f0639d65b1cf00cb8dcf654e169ee46e)] -> xpath: //div[@dir='auto' and contains(text(),'Hi!')]]
2022-08-11 12:08:578 INFO  HomePage :56 - Click on I already have an account [[ChromeDriver: chrome on WINDOWS (f0639d65b1cf00cb8dcf654e169ee46e)] -> xpath: //div[@dir='auto' and contains(text(),'I already have an account')]]
2022-08-11 12:08:828 INFO  HomePage :60 - Send Text to Email Field[[ChromeDriver: chrome on WINDOWS (f0639d65b1cf00cb8dcf654e169ee46e)] -> xpath: //div/input[@data-testid='Email']]
2022-08-11 12:08:980 INFO  HomePage :65 - Send Text to Email Field[[ChromeDriver: chrome on WINDOWS (f0639d65b1cf00cb8dcf654e169ee46e)] -> xpath: //div/input[@data-testid='Password']]
2022-08-11 12:08:76 INFO  HomePage :69 - Click on Login Button[[ChromeDriver: chrome on WINDOWS (f0639d65b1cf00cb8dcf654e169ee46e)] -> xpath: //div[@data-testid='Log In']]
2022-08-11 12:08:987 INFO  AccountPage :65 - Getting text from Account Page Header [[ChromeDriver: chrome on WINDOWS (f0639d65b1cf00cb8dcf654e169ee46e)] -> xpath: //div[@data-testid='Home']]
2022-08-11 12:08:259 INFO  AccountPage :71 - Click on Add Seizure [[ChromeDriver: chrome on WINDOWS (f0639d65b1cf00cb8dcf654e169ee46e)] -> xpath: //div[@dir='auto' and contains(text(),'Add Seizure')]]
2022-08-11 12:08:384 INFO  AccountPage :76 - Click on Seizure Type [[ChromeDriver: chrome on WINDOWS (f0639d65b1cf00cb8dcf654e169ee46e)] -> xpath: //div[@dir='auto' and contains(text(),'Type')]/following-sibling::div/div/div]
2022-08-11 12:08:448 INFO  AccountPage :81 - Click on Focal Aware Seizure [[ChromeDriver: chrome on WINDOWS (f0639d65b1cf00cb8dcf654e169ee46e)] -> xpath: //body/div[3]/div[1]/div[2]/div[1]/div[1]/div[1]/div[1]/div[1]/div[2]/div[1]/div[1]/div[1]/div[1]/div[1]/div[4]/div[1]/div[1]/div[1]/div[2]/div[1]]
2022-08-11 12:08:514 INFO  AccountPage :86 - Click on Validate Button [[ChromeDriver: chrome on WINDOWS (f0639d65b1cf00cb8dcf654e169ee46e)] -> xpath: //div[contains(text(),'Validate')]]
2022-08-11 12:08:790 INFO  AccountPage :91 - Click on Felt No Radio Button [[ChromeDriver: chrome on WINDOWS (f0639d65b1cf00cb8dcf654e169ee46e)] -> xpath: //body/div[@id='root']/div[1]/div[1]/div[1]/div[1]/div[1]/div[1]/div[2]/div[2]/div[2]/div[1]/div[1]/div[1]/div[1]/div[1]/div[2]/div[1]/div[1]/div[1]/div[6]/div[2]/div[1]/div[1]/div[2]/div[2]/div[1]]
2022-08-11 12:08:892 INFO  AccountPage :96 - Click on Save Button [[ChromeDriver: chrome on WINDOWS (f0639d65b1cf00cb8dcf654e169ee46e)] -> xpath: //div[contains(text(),'Save')]]
2022-08-11 12:08:626 INFO  AccountPage :101 - Click on Close Button [[ChromeDriver: chrome on WINDOWS (f0639d65b1cf00cb8dcf654e169ee46e)] -> xpath: //div[contains(text(),'Close')]]
2022-08-11 12:08:642 INFO  AccountPage :105 - Getting text from account Page [[ChromeDriver: chrome on WINDOWS (f0639d65b1cf00cb8dcf654e169ee46e)] -> xpath: //body/div[@id='root']/div[1]/div[1]/div[1]/div[1]/div[1]/div[1]/div[1]/div[2]/div[2]/div[1]/div[1]/div[1]/div[1]/div[1]/div[1]/div[1]/div[1]/div[1]/div[2]/div[1]/div[2]/div[1]/div[2]/div[3]/div[1]/div[2]]
2022-08-11 12:08:973 INFO  HomePage :44 - Click on Next Radio Button [[ChromeDriver: chrome on WINDOWS (17893793e11a818461deedfdc260f41e)] -> xpath: //div[@class='css-view-175oi2r r-alignItems-1awozwy r-flexDirection-18u37iz r-justifyContent-1777fci r-marginBottom-1y1xsc3']/div[2]]
2022-08-11 12:08:668 INFO  HomePage :48 - Click on Lets Go Button [[ChromeDriver: chrome on WINDOWS (17893793e11a818461deedfdc260f41e)] -> xpath: //div[@data-testid='Lets go']]
2022-08-11 12:08:688 INFO  HomePage :51 - Getting text from Login Page Header [[ChromeDriver: chrome on WINDOWS (17893793e11a818461deedfdc260f41e)] -> xpath: //div[@dir='auto' and contains(text(),'Hi!')]]
2022-08-11 12:08:790 INFO  HomePage :56 - Click on I already have an account [[ChromeDriver: chrome on WINDOWS (17893793e11a818461deedfdc260f41e)] -> xpath: //div[@dir='auto' and contains(text(),'I already have an account')]]
2022-08-11 12:08:31 INFO  HomePage :60 - Send Text to Email Field[[ChromeDriver: chrome on WINDOWS (17893793e11a818461deedfdc260f41e)] -> xpath: //div/input[@data-testid='Email']]
2022-08-11 12:08:164 INFO  HomePage :65 - Send Text to Email Field[[ChromeDriver: chrome on WINDOWS (17893793e11a818461deedfdc260f41e)] -> xpath: //div/input[@data-testid='Password']]
2022-08-11 12:08:257 INFO  HomePage :69 - Click on Login Button[[ChromeDriver: chrome on WINDOWS (17893793e11a818461deedfdc260f41e)] -> xpath: //div[@data-testid='Log In']]
2022-08-11 12:08:191 INFO  AccountPage :65 - Getting text from Account Page Header [[ChromeDriver: chrome on WINDOWS (17893793e11a818461deedfdc260f41e)] -> xpath: //div[@data-testid='Home']]
2022-08-11 12:08:943 INFO  AccountPage :111 - Click on Edit Calender [[ChromeDriver: chrome on WINDOWS (17893793e11a818461deedfdc260f41e)] -> xpath: //body/div[@id='root']/div[1]/div[1]/div[1]/div[1]/div[1]/div[1]/div[1]/div[2]/div[2]/div[1]/div[1]/div[1]/div[1]/div[1]/div[1]/div[1]/div[1]/div[1]/div[2]/div[1]/div[2]/div[1]/div[2]/div[2]/div[7]/div[1]/div[1]]
2022-08-11 12:08:55 INFO  AccountPage :116 - Click on Edit item [[ChromeDriver: chrome on WINDOWS (17893793e11a818461deedfdc260f41e)] -> xpath: //body/div[@id='root']/div[1]/div[1]/div[1]/div[1]/div[1]/div[1]/div[1]/div[2]/div[2]/div[1]/div[1]/div[1]/div[1]/div[1]/div[1]/div[2]/div[1]/div[1]/div[3]/div[2]/div[1]/div[25]/div[1]/div[2]/div[3]/div[1]/div[2]/div[1]/div[1]/div[3]]
2022-08-11 12:08:687 INFO  AccountPage :76 - Click on Seizure Type [[ChromeDriver: chrome on WINDOWS (17893793e11a818461deedfdc260f41e)] -> xpath: //div[@dir='auto' and contains(text(),'Type')]/following-sibling::div/div/div]
2022-08-11 12:08:744 INFO  AccountPage :121 - Click on Generalized Seizure [[ChromeDriver: chrome on WINDOWS (17893793e11a818461deedfdc260f41e)] -> xpath: //body/div[3]/div[1]/div[2]/div[1]/div[1]/div[1]/div[1]/div[1]/div[2]/div[1]/div[1]/div[1]/div[1]/div[1]/div[1]/div[1]/div[1]/div[1]/div[2]/div[1]]
2022-08-11 12:08:807 INFO  AccountPage :86 - Click on Validate Button [[ChromeDriver: chrome on WINDOWS (17893793e11a818461deedfdc260f41e)] -> xpath: //div[contains(text(),'Validate')]]
2022-08-11 12:08:924 INFO  AccountPage :96 - Click on Save Button [[ChromeDriver: chrome on WINDOWS (17893793e11a818461deedfdc260f41e)] -> xpath: //div[contains(text(),'Save')]]
2022-08-11 12:08:591 INFO  AccountPage :126 - Click on Home Button [[ChromeDriver: chrome on WINDOWS (17893793e11a818461deedfdc260f41e)] -> xpath: //body/div[@id='root']/div[1]/div[1]/div[1]/div[1]/div[1]/div[1]/div[1]/div[2]/div[2]/div[1]/div[1]/div[1]/div[1]/div[1]/div[2]/div[1]/a[1]/div[1]/div[2]/div[1]/img[1]]
2022-08-11 12:08:648 INFO  AccountPage :130 - Getting text Generalized Text [[ChromeDriver: chrome on WINDOWS (17893793e11a818461deedfdc260f41e)] -> xpath: //body/div[@id='root']/div[1]/div[1]/div[1]/div[1]/div[1]/div[1]/div[1]/div[2]/div[2]/div[1]/div[1]/div[1]/div[1]/div[1]/div[1]/div[1]/div[1]/div[1]/div[2]/div[1]/div[2]/div[1]/div[2]/div[3]/div[1]/div[2]]
